{"numFailedTestSuites":0,"numFailedTests":0,"numPassedTestSuites":4,"numPassedTests":75,"numPendingTestSuites":0,"numPendingTests":0,"numRuntimeErrorTestSuites":0,"numTodoTests":0,"numTotalTestSuites":4,"numTotalTests":75,"openHandles":[],"snapshot":{"added":0,"didUpdate":false,"failure":false,"filesAdded":0,"filesRemoved":0,"filesRemovedList":[],"filesUnmatched":0,"filesUpdated":0,"matched":0,"total":0,"unchecked":0,"uncheckedKeysByFile":[],"unmatched":0,"updated":0},"startTime":1771715819149,"success":true,"testResults":[{"assertionResults":[{"ancestorTitles":["POST /api/auth/verify","Success cases"],"duration":95,"failing":false,"failureDetails":[],"failureMessages":[],"fullName":"POST /api/auth/verify Success cases should verify valid signature and return JWT token","invocations":1,"location":null,"numPassingAsserts":13,"retryReasons":[],"startAt":1771715848236,"status":"passed","title":"should verify valid signature and return JWT token"},{"ancestorTitles":["POST /api/auth/verify","Success cases"],"duration":21,"failing":false,"failureDetails":[],"failureMessages":[],"fullName":"POST /api/auth/verify Success cases should set secure flag in production","invocations":1,"location":null,"numPassingAsserts":1,"retryReasons":[],"startAt":1771715848350,"status":"passed","title":"should set secure flag in production"},{"ancestorTitles":["POST /api/auth/verify","Error cases - Missing fields"],"duration":6,"failing":false,"failureDetails":[],"failureMessages":[],"fullName":"POST /api/auth/verify Error cases - Missing fields should return 400 when publicKey is missing","invocations":1,"location":null,"numPassingAsserts":5,"retryReasons":[],"startAt":1771715848387,"status":"passed","title":"should return 400 when publicKey is missing"},{"ancestorTitles":["POST /api/auth/verify","Error cases - Missing fields"],"duration":8,"failing":false,"failureDetails":[],"failureMessages":[],"fullName":"POST /api/auth/verify Error cases - Missing fields should return 400 when signature is missing","invocations":1,"location":null,"numPassingAsserts":3,"retryReasons":[],"startAt":1771715848409,"status":"passed","title":"should return 400 when signature is missing"},{"ancestorTitles":["POST /api/auth/verify","Error cases - Missing fields"],"duration":6,"failing":false,"failureDetails":[],"failureMessages":[],"fullName":"POST /api/auth/verify Error cases - Missing fields should return 400 when nonce is missing","invocations":1,"location":null,"numPassingAsserts":3,"retryReasons":[],"startAt":1771715848468,"status":"passed","title":"should return 400 when nonce is missing"},{"ancestorTitles":["POST /api/auth/verify","Error cases - Missing fields"],"duration":11,"failing":false,"failureDetails":[],"failureMessages":[],"fullName":"POST /api/auth/verify Error cases - Missing fields should return 400 when timestamp is missing","invocations":1,"location":null,"numPassingAsserts":3,"retryReasons":[],"startAt":1771715848482,"status":"passed","title":"should return 400 when timestamp is missing"},{"ancestorTitles":["POST /api/auth/verify","Error cases - Expired challenge"],"duration":5,"failing":false,"failureDetails":[],"failureMessages":[],"fullName":"POST /api/auth/verify Error cases - Expired challenge should return 401 for expired timestamp","invocations":1,"location":null,"numPassingAsserts":5,"retryReasons":[],"startAt":1771715848513,"status":"passed","title":"should return 401 for expired timestamp"},{"ancestorTitles":["POST /api/auth/verify","Error cases - Invalid signature"],"duration":17,"failing":false,"failureDetails":[],"failureMessages":[],"fullName":"POST /api/auth/verify Error cases - Invalid signature should return 401 for invalid signature","invocations":1,"location":null,"numPassingAsserts":5,"retryReasons":[],"startAt":1771715848528,"status":"passed","title":"should return 401 for invalid signature"},{"ancestorTitles":["POST /api/auth/verify","Error cases - Invalid signature"],"duration":20,"failing":false,"failureDetails":[],"failureMessages":[],"fullName":"POST /api/auth/verify Error cases - Invalid signature should return 401 when signature is for different message","invocations":1,"location":null,"numPassingAsserts":3,"retryReasons":[],"startAt":1771715848560,"status":"passed","title":"should return 401 when signature is for different message"},{"ancestorTitles":["POST /api/auth/verify","Edge cases"],"duration":34,"failing":false,"failureDetails":[],"failureMessages":[],"fullName":"POST /api/auth/verify Edge cases should handle malformed JSON","invocations":1,"location":null,"numPassingAsserts":3,"retryReasons":[],"startAt":1771715848653,"status":"passed","title":"should handle malformed JSON"},{"ancestorTitles":["POST /api/auth/verify","Edge cases"],"duration":18,"failing":false,"failureDetails":[],"failureMessages":[],"fullName":"POST /api/auth/verify Edge cases should handle timestamp as 0","invocations":1,"location":null,"numPassingAsserts":2,"retryReasons":[],"startAt":1771715848721,"status":"passed","title":"should handle timestamp as 0"},{"ancestorTitles":["POST /api/auth/verify","Edge cases"],"duration":6,"failing":false,"failureDetails":[],"failureMessages":[],"fullName":"POST /api/auth/verify Edge cases should handle empty string values","invocations":1,"location":null,"numPassingAsserts":2,"retryReasons":[],"startAt":1771715848758,"status":"passed","title":"should handle empty string values"},{"ancestorTitles":["POST /api/auth/verify","Edge cases"],"duration":18,"failing":false,"failureDetails":[],"failureMessages":[],"fullName":"POST /api/auth/verify Edge cases should handle very long public key","invocations":1,"location":null,"numPassingAsserts":1,"retryReasons":[],"startAt":1771715848772,"status":"passed","title":"should handle very long public key"},{"ancestorTitles":["POST /api/auth/verify","Edge cases"],"duration":5,"failing":false,"failureDetails":[],"failureMessages":[],"fullName":"POST /api/auth/verify Edge cases should handle special characters in nonce","invocations":1,"location":null,"numPassingAsserts":2,"retryReasons":[],"startAt":1771715848839,"status":"passed","title":"should handle special characters in nonce"},{"ancestorTitles":["POST /api/auth/verify","Edge cases"],"duration":19,"failing":false,"failureDetails":[],"failureMessages":[],"fullName":"POST /api/auth/verify Edge cases should handle very large timestamp values","invocations":1,"location":null,"numPassingAsserts":1,"retryReasons":[],"startAt":1771715848853,"status":"passed","title":"should handle very large timestamp values"},{"ancestorTitles":["POST /api/auth/verify","Edge cases"],"duration":5,"failing":false,"failureDetails":[],"failureMessages":[],"fullName":"POST /api/auth/verify Edge cases should handle negative timestamp values","invocations":1,"location":null,"numPassingAsserts":1,"retryReasons":[],"startAt":1771715848907,"status":"passed","title":"should handle negative timestamp values"},{"ancestorTitles":["POST /api/auth/verify","Concurrent request handling"],"duration":53,"failing":false,"failureDetails":[],"failureMessages":[],"fullName":"POST /api/auth/verify Concurrent request handling should handle multiple concurrent verification requests safely","invocations":1,"location":null,"numPassingAsserts":21,"retryReasons":[],"startAt":1771715848955,"status":"passed","title":"should handle multiple concurrent verification requests safely"},{"ancestorTitles":["POST /api/auth/verify","Concurrent request handling"],"duration":12,"failing":false,"failureDetails":[],"failureMessages":[],"fullName":"POST /api/auth/verify Concurrent request handling should handle concurrent requests for same public key","invocations":1,"location":null,"numPassingAsserts":6,"retryReasons":[],"startAt":1771715849029,"status":"passed","title":"should handle concurrent requests for same public key"},{"ancestorTitles":["POST /api/auth/verify","Concurrent request handling"],"duration":7,"failing":false,"failureDetails":[],"failureMessages":[],"fullName":"POST /api/auth/verify Concurrent request handling should maintain data consistency under concurrent load","invocations":1,"location":null,"numPassingAsserts":1,"retryReasons":[],"startAt":1771715849044,"status":"passed","title":"should maintain data consistency under concurrent load"}],"endTime":1771715849088,"message":"","name":"C:\\Users\\HP\\Desktop\\work\\payeasy\\apps\\web\\__tests__\\auth\\verify.test.ts","startTime":1771715835899,"status":"passed","summary":""},{"assertionResults":[{"ancestorTitles":["Challenge Generation"],"duration":27,"failing":false,"failureDetails":[],"failureMessages":[],"fullName":"Challenge Generation should generate challenge with nonce, timestamp, and message","invocations":1,"location":null,"numPassingAsserts":6,"retryReasons":[],"startAt":1771715853488,"status":"passed","title":"should generate challenge with nonce, timestamp, and message"},{"ancestorTitles":["Challenge Generation"],"duration":4,"failing":false,"failureDetails":[],"failureMessages":[],"fullName":"Challenge Generation should build message from nonce and timestamp","invocations":1,"location":null,"numPassingAsserts":1,"retryReasons":[],"startAt":1771715853555,"status":"passed","title":"should build message from nonce and timestamp"},{"ancestorTitles":["Signature Verification"],"duration":8,"failing":false,"failureDetails":[],"failureMessages":[],"fullName":"Signature Verification should return true for valid signature","invocations":1,"location":null,"numPassingAsserts":4,"retryReasons":[],"startAt":1771715853565,"status":"passed","title":"should return true for valid signature"},{"ancestorTitles":["Signature Verification"],"duration":3,"failing":false,"failureDetails":[],"failureMessages":[],"fullName":"Signature Verification should return false for invalid signature","invocations":1,"location":null,"numPassingAsserts":1,"retryReasons":[],"startAt":1771715853574,"status":"passed","title":"should return false for invalid signature"},{"ancestorTitles":["Signature Verification"],"duration":2,"failing":false,"failureDetails":[],"failureMessages":[],"fullName":"Signature Verification should return false when Keypair.fromPublicKey throws","invocations":1,"location":null,"numPassingAsserts":1,"retryReasons":[],"startAt":1771715853587,"status":"passed","title":"should return false when Keypair.fromPublicKey throws"},{"ancestorTitles":["Signature Verification"],"duration":2,"failing":false,"failureDetails":[],"failureMessages":[],"fullName":"Signature Verification should return false when signature decoding fails","invocations":1,"location":null,"numPassingAsserts":1,"retryReasons":[],"startAt":1771715853596,"status":"passed","title":"should return false when signature decoding fails"},{"ancestorTitles":["Signature Verification"],"duration":3,"failing":false,"failureDetails":[],"failureMessages":[],"fullName":"Signature Verification should return false for empty signature","invocations":1,"location":null,"numPassingAsserts":1,"retryReasons":[],"startAt":1771715853602,"status":"passed","title":"should return false for empty signature"},{"ancestorTitles":["Signature Verification"],"duration":5,"failing":false,"failureDetails":[],"failureMessages":[],"fullName":"Signature Verification should return false for empty public key","invocations":1,"location":null,"numPassingAsserts":1,"retryReasons":[],"startAt":1771715853609,"status":"passed","title":"should return false for empty public key"},{"ancestorTitles":["Signature Verification"],"duration":153,"failing":false,"failureDetails":[],"failureMessages":[],"fullName":"Signature Verification should handle very long messages","invocations":1,"location":null,"numPassingAsserts":2,"retryReasons":[],"startAt":1771715853616,"status":"passed","title":"should handle very long messages"},{"ancestorTitles":["Timestamp Validation"],"duration":3,"failing":false,"failureDetails":[],"failureMessages":[],"fullName":"Timestamp Validation should return true for current timestamp","invocations":1,"location":null,"numPassingAsserts":1,"retryReasons":[],"startAt":1771715853777,"status":"passed","title":"should return true for current timestamp"},{"ancestorTitles":["Timestamp Validation"],"duration":3,"failing":false,"failureDetails":[],"failureMessages":[],"fullName":"Timestamp Validation should return true for timestamp within 5 minutes (past)","invocations":1,"location":null,"numPassingAsserts":1,"retryReasons":[],"startAt":1771715853782,"status":"passed","title":"should return true for timestamp within 5 minutes (past)"},{"ancestorTitles":["Timestamp Validation"],"duration":26,"failing":false,"failureDetails":[],"failureMessages":[],"fullName":"Timestamp Validation should return true for timestamp within 5 minutes (future)","invocations":1,"location":null,"numPassingAsserts":1,"retryReasons":[],"startAt":1771715853787,"status":"passed","title":"should return true for timestamp within 5 minutes (future)"},{"ancestorTitles":["Timestamp Validation"],"duration":4,"failing":false,"failureDetails":[],"failureMessages":[],"fullName":"Timestamp Validation should return false for expired timestamp (>5 minutes old)","invocations":1,"location":null,"numPassingAsserts":1,"retryReasons":[],"startAt":1771715853830,"status":"passed","title":"should return false for expired timestamp (>5 minutes old)"},{"ancestorTitles":["Timestamp Validation"],"duration":3,"failing":false,"failureDetails":[],"failureMessages":[],"fullName":"Timestamp Validation should return false for future timestamp (>5 minutes ahead)","invocations":1,"location":null,"numPassingAsserts":1,"retryReasons":[],"startAt":1771715853839,"status":"passed","title":"should return false for future timestamp (>5 minutes ahead)"},{"ancestorTitles":["Timestamp Validation"],"duration":2,"failing":false,"failureDetails":[],"failureMessages":[],"fullName":"Timestamp Validation should return true at exact 5 minute boundary","invocations":1,"location":null,"numPassingAsserts":1,"retryReasons":[],"startAt":1771715853847,"status":"passed","title":"should return true at exact 5 minute boundary"},{"ancestorTitles":["Timestamp Validation"],"duration":4,"failing":false,"failureDetails":[],"failureMessages":[],"fullName":"Timestamp Validation should handle negative timestamps","invocations":1,"location":null,"numPassingAsserts":1,"retryReasons":[],"startAt":1771715853850,"status":"passed","title":"should handle negative timestamps"},{"ancestorTitles":["Timestamp Validation"],"duration":5,"failing":false,"failureDetails":[],"failureMessages":[],"fullName":"Timestamp Validation should handle very large timestamp values","invocations":1,"location":null,"numPassingAsserts":1,"retryReasons":[],"startAt":1771715853855,"status":"passed","title":"should handle very large timestamp values"},{"ancestorTitles":["Timestamp Validation"],"duration":2,"failing":false,"failureDetails":[],"failureMessages":[],"fullName":"Timestamp Validation should return false for zero timestamp when current time is not zero","invocations":1,"location":null,"numPassingAsserts":1,"retryReasons":[],"startAt":1771715853863,"status":"passed","title":"should return false for zero timestamp when current time is not zero"},{"ancestorTitles":["JWT Operations","signJwt"],"duration":12,"failing":false,"failureDetails":[],"failureMessages":[],"fullName":"JWT Operations signJwt should create JWT with public key as subject","invocations":1,"location":null,"numPassingAsserts":3,"retryReasons":[],"startAt":1771715853867,"status":"passed","title":"should create JWT with public key as subject"},{"ancestorTitles":["JWT Operations","signJwt"],"duration":139,"failing":false,"failureDetails":[],"failureMessages":[],"fullName":"JWT Operations signJwt should throw when JWT_SECRET is not set","invocations":1,"location":null,"numPassingAsserts":1,"retryReasons":[],"startAt":1771715853880,"status":"passed","title":"should throw when JWT_SECRET is not set"},{"ancestorTitles":["JWT Operations","verifyJwt"],"duration":3,"failing":false,"failureDetails":[],"failureMessages":[],"fullName":"JWT Operations verifyJwt should return payload for valid token","invocations":1,"location":null,"numPassingAsserts":2,"retryReasons":[],"startAt":1771715854022,"status":"passed","title":"should return payload for valid token"},{"ancestorTitles":["JWT Operations","verifyJwt"],"duration":3,"failing":false,"failureDetails":[],"failureMessages":[],"fullName":"JWT Operations verifyJwt should return null for expired token","invocations":1,"location":null,"numPassingAsserts":1,"retryReasons":[],"startAt":1771715854027,"status":"passed","title":"should return null for expired token"},{"ancestorTitles":["JWT Operations","verifyJwt"],"duration":2,"failing":false,"failureDetails":[],"failureMessages":[],"fullName":"JWT Operations verifyJwt should return null for invalid token","invocations":1,"location":null,"numPassingAsserts":1,"retryReasons":[],"startAt":1771715854034,"status":"passed","title":"should return null for invalid token"},{"ancestorTitles":["JWT Operations","verifyJwt"],"duration":2,"failing":false,"failureDetails":[],"failureMessages":[],"fullName":"JWT Operations verifyJwt should return null when verify returns string","invocations":1,"location":null,"numPassingAsserts":1,"retryReasons":[],"startAt":1771715854037,"status":"passed","title":"should return null when verify returns string"},{"ancestorTitles":["JWT Operations","verifyJwt"],"duration":3,"failing":false,"failureDetails":[],"failureMessages":[],"fullName":"JWT Operations verifyJwt should verify JWT was called with correct secret","invocations":1,"location":null,"numPassingAsserts":2,"retryReasons":[],"startAt":1771715854043,"status":"passed","title":"should verify JWT was called with correct secret"},{"ancestorTitles":["JWT Operations","verifyJwt"],"duration":2,"failing":false,"failureDetails":[],"failureMessages":[],"fullName":"JWT Operations verifyJwt should return null for empty token","invocations":1,"location":null,"numPassingAsserts":1,"retryReasons":[],"startAt":1771715854052,"status":"passed","title":"should return null for empty token"},{"ancestorTitles":["JWT Operations","verifyJwt"],"duration":10,"failing":false,"failureDetails":[],"failureMessages":[],"fullName":"JWT Operations verifyJwt should return null for malformed token","invocations":1,"location":null,"numPassingAsserts":1,"retryReasons":[],"startAt":1771715854055,"status":"passed","title":"should return null for malformed token"},{"ancestorTitles":["JWT Operations","verifyJwt"],"duration":10,"failing":false,"failureDetails":[],"failureMessages":[],"fullName":"JWT Operations verifyJwt should extract correct payload from valid token","invocations":1,"location":null,"numPassingAsserts":4,"retryReasons":[],"startAt":1771715854074,"status":"passed","title":"should extract correct payload from valid token"},{"ancestorTitles":["JWT Operations","verifyJwt","Enhanced JWT payload validation"],"duration":9,"failing":false,"failureDetails":[],"failureMessages":[],"fullName":"JWT Operations verifyJwt Enhanced JWT payload validation should return null when payload is missing sub field","invocations":1,"location":null,"numPassingAsserts":1,"retryReasons":[],"startAt":1771715854088,"status":"passed","title":"should return null when payload is missing sub field"},{"ancestorTitles":["JWT Operations","verifyJwt","Enhanced JWT payload validation"],"duration":3,"failing":false,"failureDetails":[],"failureMessages":[],"fullName":"JWT Operations verifyJwt Enhanced JWT payload validation should return null when sub is not a string","invocations":1,"location":null,"numPassingAsserts":1,"retryReasons":[],"startAt":1771715854118,"status":"passed","title":"should return null when sub is not a string"},{"ancestorTitles":["JWT Operations","verifyJwt","Enhanced JWT payload validation"],"duration":4,"failing":false,"failureDetails":[],"failureMessages":[],"fullName":"JWT Operations verifyJwt Enhanced JWT payload validation should return null when sub is empty string","invocations":1,"location":null,"numPassingAsserts":1,"retryReasons":[],"startAt":1771715854124,"status":"passed","title":"should return null when sub is empty string"},{"ancestorTitles":["JWT Operations","verifyJwt","Enhanced JWT payload validation"],"duration":5,"failing":false,"failureDetails":[],"failureMessages":[],"fullName":"JWT Operations verifyJwt Enhanced JWT payload validation should return null when sub is not a valid Stellar public key format","invocations":1,"location":null,"numPassingAsserts":5,"retryReasons":[],"startAt":1771715854134,"status":"passed","title":"should return null when sub is not a valid Stellar public key format"},{"ancestorTitles":["JWT Operations","verifyJwt","Enhanced JWT payload validation"],"duration":4,"failing":false,"failureDetails":[],"failureMessages":[],"fullName":"JWT Operations verifyJwt Enhanced JWT payload validation should accept valid Stellar public key format in sub","invocations":1,"location":null,"numPassingAsserts":1,"retryReasons":[],"startAt":1771715854147,"status":"passed","title":"should accept valid Stellar public key format in sub"},{"ancestorTitles":["JWT Operations","verifyJwt","Enhanced JWT payload validation"],"duration":3,"failing":false,"failureDetails":[],"failureMessages":[],"fullName":"JWT Operations verifyJwt Enhanced JWT payload validation should return null when iat is not a number","invocations":1,"location":null,"numPassingAsserts":1,"retryReasons":[],"startAt":1771715854155,"status":"passed","title":"should return null when iat is not a number"},{"ancestorTitles":["JWT Operations","verifyJwt","Enhanced JWT payload validation"],"duration":2,"failing":false,"failureDetails":[],"failureMessages":[],"fullName":"JWT Operations verifyJwt Enhanced JWT payload validation should return null when exp is not a number","invocations":1,"location":null,"numPassingAsserts":1,"retryReasons":[],"startAt":1771715854161,"status":"passed","title":"should return null when exp is not a number"},{"ancestorTitles":["JWT Operations","verifyJwt","Enhanced JWT payload validation"],"duration":2,"failing":false,"failureDetails":[],"failureMessages":[],"fullName":"JWT Operations verifyJwt Enhanced JWT payload validation should accept payload without iat field","invocations":1,"location":null,"numPassingAsserts":1,"retryReasons":[],"startAt":1771715854165,"status":"passed","title":"should accept payload without iat field"},{"ancestorTitles":["JWT Operations","verifyJwt","Enhanced JWT payload validation"],"duration":3,"failing":false,"failureDetails":[],"failureMessages":[],"fullName":"JWT Operations verifyJwt Enhanced JWT payload validation should accept payload without exp field","invocations":1,"location":null,"numPassingAsserts":1,"retryReasons":[],"startAt":1771715854172,"status":"passed","title":"should accept payload without exp field"},{"ancestorTitles":["JWT Operations","verifyJwt","Enhanced JWT payload validation"],"duration":2,"failing":false,"failureDetails":[],"failureMessages":[],"fullName":"JWT Operations verifyJwt Enhanced JWT payload validation should return null for null token","invocations":1,"location":null,"numPassingAsserts":1,"retryReasons":[],"startAt":1771715854179,"status":"passed","title":"should return null for null token"},{"ancestorTitles":["JWT Operations","verifyJwt","Enhanced JWT payload validation"],"duration":2,"failing":false,"failureDetails":[],"failureMessages":[],"fullName":"JWT Operations verifyJwt Enhanced JWT payload validation should return null for undefined token","invocations":1,"location":null,"numPassingAsserts":1,"retryReasons":[],"startAt":1771715854185,"status":"passed","title":"should return null for undefined token"},{"ancestorTitles":["JWT Operations","verifyJwt","Enhanced JWT payload validation"],"duration":3,"failing":false,"failureDetails":[],"failureMessages":[],"fullName":"JWT Operations verifyJwt Enhanced JWT payload validation should return null for non-string token","invocations":1,"location":null,"numPassingAsserts":1,"retryReasons":[],"startAt":1771715854189,"status":"passed","title":"should return null for non-string token"},{"ancestorTitles":["JWT Operations","verifyJwt","Enhanced JWT payload validation"],"duration":7,"failing":false,"failureDetails":[],"failureMessages":[],"fullName":"JWT Operations verifyJwt Enhanced JWT payload validation should validate Stellar public key checksum format","invocations":1,"location":null,"numPassingAsserts":3,"retryReasons":[],"startAt":1771715854208,"status":"passed","title":"should validate Stellar public key checksum format"}],"endTime":1771715854241,"message":"","name":"C:\\Users\\HP\\Desktop\\work\\payeasy\\apps\\web\\__tests__\\auth\\tokens.test.ts","startTime":1771715849282,"status":"passed","summary":""},{"assertionResults":[{"ancestorTitles":["POST /api/auth/logout","Success cases"],"duration":5,"failing":false,"failureDetails":[],"failureMessages":[],"fullName":"POST /api/auth/logout Success cases should clear auth cookie and return success","invocations":1,"location":null,"numPassingAsserts":8,"retryReasons":[],"startAt":1771715855917,"status":"passed","title":"should clear auth cookie and return success"},{"ancestorTitles":["POST /api/auth/logout","Success cases"],"duration":1,"failing":false,"failureDetails":[],"failureMessages":[],"fullName":"POST /api/auth/logout Success cases should set Secure flag in production","invocations":1,"location":null,"numPassingAsserts":1,"retryReasons":[],"startAt":1771715855935,"status":"passed","title":"should set Secure flag in production"},{"ancestorTitles":["POST /api/auth/logout","Success cases"],"duration":2,"failing":false,"failureDetails":[],"failureMessages":[],"fullName":"POST /api/auth/logout Success cases should not set Secure flag in development","invocations":1,"location":null,"numPassingAsserts":1,"retryReasons":[],"startAt":1771715855941,"status":"passed","title":"should not set Secure flag in development"},{"ancestorTitles":["POST /api/auth/logout","Success cases"],"duration":5,"failing":false,"failureDetails":[],"failureMessages":[],"fullName":"POST /api/auth/logout Success cases should return success even when called multiple times","invocations":1,"location":null,"numPassingAsserts":4,"retryReasons":[],"startAt":1771715855957,"status":"passed","title":"should return success even when called multiple times"},{"ancestorTitles":["POST /api/auth/logout","Cookie attributes"],"duration":2,"failing":false,"failureDetails":[],"failureMessages":[],"fullName":"POST /api/auth/logout Cookie attributes should set cookie with correct path","invocations":1,"location":null,"numPassingAsserts":1,"retryReasons":[],"startAt":1771715856007,"status":"passed","title":"should set cookie with correct path"},{"ancestorTitles":["POST /api/auth/logout","Cookie attributes"],"duration":2,"failing":false,"failureDetails":[],"failureMessages":[],"fullName":"POST /api/auth/logout Cookie attributes should expire cookie immediately","invocations":1,"location":null,"numPassingAsserts":1,"retryReasons":[],"startAt":1771715856015,"status":"passed","title":"should expire cookie immediately"},{"ancestorTitles":["POST /api/auth/logout","Cookie attributes"],"duration":2,"failing":false,"failureDetails":[],"failureMessages":[],"fullName":"POST /api/auth/logout Cookie attributes should set HttpOnly flag to prevent JavaScript access","invocations":1,"location":null,"numPassingAsserts":1,"retryReasons":[],"startAt":1771715856029,"status":"passed","title":"should set HttpOnly flag to prevent JavaScript access"},{"ancestorTitles":["POST /api/auth/logout","Cookie attributes"],"duration":1,"failing":false,"failureDetails":[],"failureMessages":[],"fullName":"POST /api/auth/logout Cookie attributes should use strict SameSite policy","invocations":1,"location":null,"numPassingAsserts":1,"retryReasons":[],"startAt":1771715856045,"status":"passed","title":"should use strict SameSite policy"}],"endTime":1771715856063,"message":"","name":"C:\\Users\\HP\\Desktop\\work\\payeasy\\apps\\web\\__tests__\\auth\\logout.test.ts","startTime":1771715854331,"status":"passed","summary":""},{"assertionResults":[{"ancestorTitles":["POST /api/auth/login","Success cases"],"duration":6,"failing":false,"failureDetails":[],"failureMessages":[],"fullName":"POST /api/auth/login Success cases should return challenge for valid public key","invocations":1,"location":null,"numPassingAsserts":6,"retryReasons":[],"startAt":1771715857545,"status":"passed","title":"should return challenge for valid public key"},{"ancestorTitles":["POST /api/auth/login","Success cases"],"duration":6,"failing":false,"failureDetails":[],"failureMessages":[],"fullName":"POST /api/auth/login Success cases should generate unique nonces for multiple requests","invocations":1,"location":null,"numPassingAsserts":1,"retryReasons":[],"startAt":1771715857565,"status":"passed","title":"should generate unique nonces for multiple requests"},{"ancestorTitles":["POST /api/auth/login","Error cases - Missing fields"],"duration":18,"failing":false,"failureDetails":[],"failureMessages":[],"fullName":"POST /api/auth/login Error cases - Missing fields should return 400 when publicKey is missing","invocations":1,"location":null,"numPassingAsserts":5,"retryReasons":[],"startAt":1771715857576,"status":"passed","title":"should return 400 when publicKey is missing"},{"ancestorTitles":["POST /api/auth/login","Error cases - Missing fields"],"duration":10,"failing":false,"failureDetails":[],"failureMessages":[],"fullName":"POST /api/auth/login Error cases - Missing fields should return 400 when publicKey is not a string","invocations":1,"location":null,"numPassingAsserts":4,"retryReasons":[],"startAt":1771715857600,"status":"passed","title":"should return 400 when publicKey is not a string"},{"ancestorTitles":["POST /api/auth/login","Error cases - Missing fields"],"duration":3,"failing":false,"failureDetails":[],"failureMessages":[],"fullName":"POST /api/auth/login Error cases - Missing fields should return 400 when publicKey is empty string","invocations":1,"location":null,"numPassingAsserts":3,"retryReasons":[],"startAt":1771715857623,"status":"passed","title":"should return 400 when publicKey is empty string"},{"ancestorTitles":["POST /api/auth/login","Error cases - Invalid public key"],"duration":5,"failing":false,"failureDetails":[],"failureMessages":[],"fullName":"POST /api/auth/login Error cases - Invalid public key should return 400 for invalid Stellar public key format","invocations":1,"location":null,"numPassingAsserts":4,"retryReasons":[],"startAt":1771715857647,"status":"passed","title":"should return 400 for invalid Stellar public key format"},{"ancestorTitles":["POST /api/auth/login","Edge cases"],"duration":2,"failing":false,"failureDetails":[],"failureMessages":[],"fullName":"POST /api/auth/login Edge cases should handle malformed JSON","invocations":1,"location":null,"numPassingAsserts":3,"retryReasons":[],"startAt":1771715857658,"status":"passed","title":"should handle malformed JSON"}],"endTime":1771715857668,"message":"","name":"C:\\Users\\HP\\Desktop\\work\\payeasy\\apps\\web\\__tests__\\auth\\login.test.ts","startTime":1771715856154,"status":"passed","summary":""}],"wasInterrupted":false}
